\BOOKMARK [0][-]{chapter.1}{\376\377\0001\000\040\000I\000n\000t\000r\000o\000d\000u\000c\000t\000i\000o\000n}{}% 1
\BOOKMARK [1][-]{section.1.1}{\376\377\0001\000.\0001\000\040\000P\000r\000o\000j\000e\000c\000t\000\040\000P\000u\000r\000p\000o\000s\000e\000\040\000a\000n\000d\000\040\000G\000o\000a\000l}{chapter.1}% 2
\BOOKMARK [1][-]{section.1.2}{\376\377\0001\000.\0002\000\040\000P\000r\000e\000v\000i\000o\000u\000s\000\040\000W\000o\000r\000k}{chapter.1}% 3
\BOOKMARK [0][-]{chapter.2}{\376\377\0002\000\040\000B\000a\000c\000k\000g\000r\000o\000u\000n\000d}{}% 4
\BOOKMARK [1][-]{section.2.1}{\376\377\0002\000.\0001\000\040\000E\000l\000e\000c\000t\000r\000o\000m\000a\000g\000n\000e\000t\000i\000c\000\040\000F\000i\000e\000l\000d\000s}{chapter.2}% 5
\BOOKMARK [2][-]{subsection.2.1.1}{\376\377\0002\000.\0001\000.\0001\000\040\000M\000a\000g\000n\000e\000t\000i\000c\000\040\000F\000l\000u\000x\000\040\000a\000n\000d\000\040\000I\000n\000d\000u\000c\000t\000i\000o\000n}{section.2.1}% 6
\BOOKMARK [1][-]{section.2.2}{\376\377\0002\000.\0002\000\040\000S\000e\000r\000i\000e\000s\000\040\000d\000e\000c\000o\000m\000p\000o\000s\000i\000t\000i\000o\000n\000s\000\040\000o\000f\000\040\000t\000h\000e\000\040\000m\000a\000g\000n\000e\000t\000i\000c\000\040\000f\000i\000e\000l\000d}{chapter.2}% 7
\BOOKMARK [2][-]{subsection.2.2.1}{\376\377\0002\000.\0002\000.\0001\000\040\000C\000y\000l\000i\000n\000d\000r\000i\000c\000a\000l\000\040\000C\000o\000o\000r\000d\000i\000n\000a\000t\000e\000s}{section.2.2}% 8
\BOOKMARK [2][-]{subsection.2.2.2}{\376\377\0002\000.\0002\000.\0002\000\040\000B\000e\000s\000s\000e\000l\000\040\000F\000u\000n\000c\000t\000i\000o\000n\000s}{section.2.2}% 9
\BOOKMARK [2][-]{subsection.2.2.3}{\376\377\0002\000.\0002\000.\0003\000\040\000B\000e\000s\000s\000e\000l\000-\000F\000o\000u\000r\000i\000e\000r\000-\000F\000o\000u\000r\000i\000e\000r\000\040\000S\000e\000r\000i\000e\000s}{section.2.2}% 10
\BOOKMARK [1][-]{section.2.3}{\376\377\0002\000.\0003\000\040\000S\000i\000g\000n\000a\000l\000\040\000P\000r\000o\000c\000e\000s\000s\000i\000n\000g}{chapter.2}% 11
\BOOKMARK [2][-]{subsection.2.3.1}{\376\377\0002\000.\0003\000.\0001\000\040\000F\000i\000l\000t\000e\000r\000s}{section.2.3}% 12
\BOOKMARK [2][-]{subsection.2.3.2}{\376\377\0002\000.\0003\000.\0002\000\040\000L\000e\000a\000s\000t\000\040\000S\000q\000u\000a\000r\000e\000s\000\040\000F\000i\000t\000t\000i\000n\000g}{section.2.3}% 13
\BOOKMARK [0][-]{chapter.3}{\376\377\0003\000\040\000T\000h\000e\000\040\000T\000r\000a\000n\000s\000l\000a\000t\000i\000n\000g\000\040\000C\000o\000i\000l\000\040\000M\000a\000g\000n\000e\000t\000o\000m\000e\000t\000e\000r}{}% 14
\BOOKMARK [1][-]{section.3.1}{\376\377\0003\000.\0001\000\040\000P\000C\000B\000\040\000p\000r\000i\000n\000t\000e\000d\000\040\000c\000o\000i\000l\000s}{chapter.3}% 15
\BOOKMARK [1][-]{section.3.2}{\376\377\0003\000.\0002\000\040\000P\000o\000s\000i\000t\000i\000o\000n\000a\000l\000\040\000E\000n\000c\000o\000d\000e\000r}{chapter.3}% 16
\BOOKMARK [1][-]{section.3.3}{\376\377\0003\000.\0003\000\040\000G\000e\000o\000m\000e\000t\000r\000i\000c\000\040\000L\000i\000d\000a\000r\000\040\000M\000e\000a\000s\000u\000r\000e\000m\000e\000n\000t\000s}{chapter.3}% 17
\BOOKMARK [1][-]{section.3.4}{\376\377\0003\000.\0004\000\040\000F\000a\000s\000t\000\040\000D\000i\000g\000i\000t\000a\000l\000\040\000I\000n\000t\000e\000g\000r\000a\000t\000o\000r\000s}{chapter.3}% 18
\BOOKMARK [1][-]{section.3.5}{\376\377\0003\000.\0005\000\040\000T\000h\000e\000\040\000M\000e\000a\000s\000u\000r\000e\000m\000e\000n\000t\000\040\000A\000s\000s\000e\000m\000b\000l\000y}{chapter.3}% 19
\BOOKMARK [0][-]{chapter.4}{\376\377\0004\000\040\000M\000e\000a\000s\000u\000r\000e\000m\000e\000n\000t\000s}{}% 20
\BOOKMARK [1][-]{section.4.1}{\376\377\0004\000.\0001\000\040\000S\000o\000l\000e\000n\000o\000i\000d\000a\000l\000\040\000F\000i\000e\000l\000d\000\040\000M\000a\000p\000s}{chapter.4}% 21
\BOOKMARK [1][-]{section.4.2}{\376\377\0004\000.\0002\000\040\000T\000h\000e\000\040\000M\000a\000g\000n\000e\000t\000-\000M\000a\000g\000n\000e\000t\000o\000m\000e\000t\000e\000r\000\040\000Y\000a\000w\000\040\000A\000n\000g\000l\000e\000\040\000P\000e\000a\000k\000\040\000S\000h\000i\000f\000t}{chapter.4}% 22
\BOOKMARK [0][-]{chapter.5}{\376\377\0005\000\040\000P\000o\000s\000t\000\040\000P\000r\000o\000c\000e\000s\000s\000i\000n\000g}{}% 23
\BOOKMARK [1][-]{section.5.1}{\376\377\0005\000.\0001\000\040\000L\000i\000d\000a\000r\000\040\000S\000c\000a\000n\000s}{chapter.5}% 24
\BOOKMARK [1][-]{section.5.2}{\376\377\0005\000.\0002\000\040\000C\000o\000i\000l\000\040\000I\000n\000d\000u\000c\000t\000i\000o\000n\000\040\000A\000n\000a\000l\000y\000s\000i\000s}{chapter.5}% 25
\BOOKMARK [1][-]{section.5.3}{\376\377\0005\000.\0003\000\040\000B\000e\000s\000s\000e\000l\000-\000F\000o\000u\000r\000i\000e\000r\000-\000F\000o\000u\000r\000i\000e\000r\000\040\000S\000e\000r\000i\000e\000s\000\040\000F\000i\000t\000t\000i\000n\000g}{chapter.5}% 26
\BOOKMARK [1][-]{section.5.4}{\376\377\0005\000.\0004\000\040\000E\000s\000t\000i\000m\000a\000t\000i\000n\000g\000\040\000t\000h\000e\000\040\000M\000a\000g\000n\000e\000t\000-\000M\000a\000g\000n\000e\000t\000o\000m\000e\000t\000e\000r\000\040\000Y\000a\000w\000\040\000A\000n\000g\000l\000e}{chapter.5}% 27
\BOOKMARK [0][-]{chapter.6}{\376\377\0006\000\040\000D\000i\000s\000c\000u\000s\000s\000i\000o\000n}{}% 28
\BOOKMARK [1][-]{section.6.1}{\376\377\0006\000.\0001\000\040\000M\000e\000t\000r\000o\000l\000o\000g\000i\000c\000a\000l\000\040\000C\000h\000a\000r\000a\000c\000t\000e\000r\000i\000z\000a\000t\000i\000o\000n}{chapter.6}% 29
\BOOKMARK [1][-]{section.6.2}{\376\377\0006\000.\0002\000\040\000F\000u\000t\000u\000r\000e\000\040\000D\000e\000s\000i\000g\000n\000\040\000C\000o\000n\000s\000i\000d\000e\000r\000a\000t\000i\000o\000n\000s}{chapter.6}% 30
\BOOKMARK [0][-]{section*.7}{\376\377\000U\000n\000i\000t\000s}{}% 31
\BOOKMARK [-1][-]{section*.9}{\376\377\000R\000e\000f\000e\000r\000e\000n\000c\000e\000s}{}% 32
